[debug] [2019-12-25T08:39:00.368Z] ----------------------------------------------------------------------
[debug] [2019-12-25T08:39:00.370Z] Command:       C:\Program Files\nodejs\node.exe C:\Users\Black\AppData\Roaming\npm\node_modules\firebase-tools\lib\bin\firebase.js deploy --only hosting:gonusa
[debug] [2019-12-25T08:39:00.370Z] CLI Version:   7.11.0
[debug] [2019-12-25T08:39:00.370Z] Platform:      win32
[debug] [2019-12-25T08:39:00.370Z] Node Version:  v12.13.1
[debug] [2019-12-25T08:39:00.371Z] Time:          Wed Dec 25 2019 14:09:00 GMT+0530 (India Standard Time)
[debug] [2019-12-25T08:39:00.371Z] ----------------------------------------------------------------------
[debug] [2019-12-25T08:39:00.371Z] 
[debug] [2019-12-25T08:39:00.379Z] > command requires scopes: ["email","openid","https://www.googleapis.com/auth/cloudplatformprojects.readonly","https://www.googleapis.com/auth/firebase","https://www.googleapis.com/auth/cloud-platform"]
[debug] [2019-12-25T08:39:00.380Z] > authorizing via signed-in user
[debug] [2019-12-25T08:39:00.380Z] [iam] checking project gonusa-c9565 for permissions ["firebase.projects.get","firebasehosting.sites.update"]
[debug] [2019-12-25T08:39:00.381Z] >>> HTTP REQUEST POST https://cloudresourcemanager.googleapis.com/v1/projects/gonusa-c9565:testIamPermissions  

[debug] [2019-12-25T08:39:01.959Z] <<< HTTP RESPONSE 200
[debug] [2019-12-25T08:39:01.961Z] >>> HTTP REQUEST GET https://firebase.googleapis.com/v1beta1/projects/gonusa-c9565  
 
[debug] [2019-12-25T08:39:02.404Z] <<< HTTP RESPONSE 200
[info] 
[info] === Deploying to 'gonusa-c9565'...
[info] 
[info] i  deploying hosting
[info] 
[info] +  Deploy complete!
[info] 
[info] Project Console: https://console.firebase.google.com/project/gonusa-c9565/overview
[debug] [2019-12-25T08:39:02.656Z] TypeError: Cannot read property 'deploys' of undefined
    at C:\Users\Black\AppData\Roaming\npm\node_modules\firebase-tools\lib\deploy\index.js:84:36
    at processTicksAndRejections (internal/process/task_queues.js:93:5)
[error] 
[error] Error: An unexpected error has occurred.
